[NX Daemon Server] - 2025-01-03T16:16:31.780Z - Started listening on: /var/folders/yw/c_x1ypn94g5gmtj_f86zfddr0000gn/T/482bc9f24a154fb8f18a/d.sock
[NX Daemon Server] - 2025-01-03T16:16:31.781Z - [WATCHER]: Subscribed to changes within: /Users/jona/repos/circlelabs-config (native)
[NX Daemon Server] - 2025-01-03T16:16:31.785Z - Established a connection. Number of open connections: 1
[NX Daemon Server] - 2025-01-03T16:16:31.785Z - Established a connection. Number of open connections: 2
[NX Daemon Server] - 2025-01-03T16:16:31.786Z - Closed a connection. Number of open connections: 1
[NX Daemon Server] - 2025-01-03T16:16:31.786Z - [REQUEST]: Client Request for Project Graph Received
[NX Daemon Server] - 2025-01-03T16:16:31.842Z - [WATCHER]: Processing file changes in outputs
[NX Daemon Server] - 2025-01-03T16:16:31.872Z - Time taken for 'Load Nx Plugin: /Users/jona/repos/circlelabs-config/node_modules/.pnpm/nx@20.2.2/node_modules/nx/src/plugins/package-json' 84.536166ms
[NX Daemon Server] - 2025-01-03T16:16:31.872Z - Time taken for 'Load Nx Plugin: /Users/jona/repos/circlelabs-config/node_modules/.pnpm/nx@20.2.2/node_modules/nx/src/plugins/project-json/build-nodes/project-json' 84.80008400000001ms
[NX Daemon Server] - 2025-01-03T16:16:31.874Z - [REQUEST]: Updated workspace context based on watched changes, recomputing project graph...
[NX Daemon Server] - 2025-01-03T16:16:31.874Z - [REQUEST]: 
[NX Daemon Server] - 2025-01-03T16:16:31.874Z - [REQUEST]: 
[NX Daemon Server] - 2025-01-03T16:16:31.877Z - Time taken for 'loadNxPlugins' 87.58224999999999ms
[NX Daemon Server] - 2025-01-03T16:16:32.051Z - Time taken for 'build-project-configs' 169.63495800000004ms
[NX Daemon Server] - 2025-01-03T16:16:32.060Z - [SYNC]: collect registered sync generators
[NX Daemon Server] - 2025-01-03T16:16:32.060Z - [REQUEST]: Responding to the client. project-graph
[NX Daemon Server] - 2025-01-03T16:16:32.060Z - Time taken for 'total for creating and serializing project graph' 274.09837500000003ms
[NX Daemon Server] - 2025-01-03T16:16:32.063Z - Done responding to the client project-graph
[NX Daemon Server] - 2025-01-03T16:16:32.063Z - Handled REQUEST_PROJECT_GRAPH. Handling time: 274. Response time: 3.
[NX Daemon Server] - 2025-01-03T16:16:32.064Z - [REQUEST]: Responding to the client. handleContextFileData
[NX Daemon Server] - 2025-01-03T16:16:32.064Z - Done responding to the client handleContextFileData
[NX Daemon Server] - 2025-01-03T16:16:32.064Z - Handled GET_CONTEXT_FILE_DATA. Handling time: 0. Response time: 0.
[NX Daemon Server] - 2025-01-03T16:16:32.070Z - [REQUEST]: Client Request for Project Graph Received
[NX Daemon Server] - 2025-01-03T16:16:32.070Z - [REQUEST]: Responding to the client. project-graph
[NX Daemon Server] - 2025-01-03T16:16:32.070Z - Time taken for 'total for creating and serializing project graph' 0.10325000000000273ms
[NX Daemon Server] - 2025-01-03T16:16:32.071Z - Done responding to the client project-graph
[NX Daemon Server] - 2025-01-03T16:16:32.071Z - Handled REQUEST_PROJECT_GRAPH. Handling time: 0. Response time: 1.
[NX Daemon Server] - 2025-01-03T16:16:32.094Z - [REQUEST]: Responding to the client. handleHashTasks
[NX Daemon Server] - 2025-01-03T16:16:32.094Z - Done responding to the client handleHashTasks
[NX Daemon Server] - 2025-01-03T16:16:32.094Z - Handled HASH_TASKS. Handling time: 3. Response time: 0.
[NX Daemon Server] - 2025-01-03T16:16:32.112Z - [REQUEST]: Responding to the client. handleGetEstimatedTaskTimings
[NX Daemon Server] - 2025-01-03T16:16:32.112Z - Done responding to the client handleGetEstimatedTaskTimings
[NX Daemon Server] - 2025-01-03T16:16:32.112Z - Handled GET_ESTIMATED_TASK_TIMINGS. Handling time: 14. Response time: 0.
[NX Daemon Server] - 2025-01-03T16:16:32.718Z - [WATCHER]: packages/prettier-config/tsup.config.bundled_wxad3oclt7b.mjs was deleted
[NX Daemon Server] - 2025-01-03T16:16:32.718Z - [WATCHER]: Processing file changes in outputs
[NX Daemon Server] - 2025-01-03T16:16:32.818Z - [REQUEST]: Updated workspace context based on watched changes, recomputing project graph...
[NX Daemon Server] - 2025-01-03T16:16:32.818Z - [REQUEST]: 
[NX Daemon Server] - 2025-01-03T16:16:32.818Z - [REQUEST]: packages/prettier-config/tsup.config.bundled_wxad3oclt7b.mjs
[NX Daemon Server] - 2025-01-03T16:16:32.819Z - Time taken for 'hash changed files from watcher' 0.036875000000009095ms
[NX Daemon Server] - 2025-01-03T16:16:32.823Z - Time taken for 'build-project-configs' 3.3588750000001255ms
[NX Daemon Server] - 2025-01-03T16:16:32.829Z - [SYNC]: collect registered sync generators
[NX Daemon Server] - 2025-01-03T16:16:32.829Z - [SYNC]: project graph hash is the same, not collecting task sync generators
[NX Daemon Server] - 2025-01-03T16:16:32.829Z - [SYNC]: nx.json hash is the same, not collecting global sync generators
[NX Daemon Server] - 2025-01-03T16:16:32.829Z - Time taken for 'total execution time for createProjectGraph()' 4.788917000000083ms
[NX Daemon Server] - 2025-01-03T16:16:33.209Z - [REQUEST]: Responding to the client. recordOutputsHash
[NX Daemon Server] - 2025-01-03T16:16:33.209Z - Done responding to the client recordOutputsHash
[NX Daemon Server] - 2025-01-03T16:16:33.209Z - Handled RECORD_OUTPUTS_HASH. Handling time: 5. Response time: 0.
[NX Daemon Server] - 2025-01-03T16:16:33.250Z - [WATCHER]: Processing file changes in outputs
[NX Daemon Server] - 2025-01-03T16:16:33.844Z - [WATCHER]: packages/prettier-config-astro/tsup.config.bundled_zrxcfsocgif.mjs was deleted
[NX Daemon Server] - 2025-01-03T16:16:33.844Z - [WATCHER]: Processing file changes in outputs
[NX Daemon Server] - 2025-01-03T16:16:34.013Z - [REQUEST]: Responding to the client. recordOutputsHash
[NX Daemon Server] - 2025-01-03T16:16:34.013Z - Done responding to the client recordOutputsHash
[NX Daemon Server] - 2025-01-03T16:16:34.013Z - Handled RECORD_OUTPUTS_HASH. Handling time: 0. Response time: 0.
[NX Daemon Server] - 2025-01-03T16:16:34.044Z - [REQUEST]: Updated workspace context based on watched changes, recomputing project graph...
[NX Daemon Server] - 2025-01-03T16:16:34.044Z - [REQUEST]: 
[NX Daemon Server] - 2025-01-03T16:16:34.044Z - [REQUEST]: packages/prettier-config-astro/tsup.config.bundled_zrxcfsocgif.mjs
[NX Daemon Server] - 2025-01-03T16:16:34.045Z - Time taken for 'hash changed files from watcher' 0.04083300000002055ms
[NX Daemon Server] - 2025-01-03T16:16:34.048Z - Time taken for 'build-project-configs' 3.0934589999997115ms
[NX Daemon Server] - 2025-01-03T16:16:34.054Z - [SYNC]: collect registered sync generators
[NX Daemon Server] - 2025-01-03T16:16:34.054Z - [SYNC]: project graph hash is the same, not collecting task sync generators
[NX Daemon Server] - 2025-01-03T16:16:34.054Z - [SYNC]: nx.json hash is the same, not collecting global sync generators
[NX Daemon Server] - 2025-01-03T16:16:34.054Z - Time taken for 'total execution time for createProjectGraph()' 3.7043750000002547ms
[NX Daemon Server] - 2025-01-03T16:16:34.390Z - [REQUEST]: Responding to the client. recordOutputsHash
[NX Daemon Server] - 2025-01-03T16:16:34.390Z - Done responding to the client recordOutputsHash
[NX Daemon Server] - 2025-01-03T16:16:34.390Z - Handled RECORD_OUTPUTS_HASH. Handling time: 3. Response time: 0.
[NX Daemon Server] - 2025-01-03T16:16:34.426Z - [WATCHER]: Processing file changes in outputs
[NX Daemon Server] - 2025-01-03T16:16:35.166Z - [REQUEST]: Responding to the client. recordOutputsHash
[NX Daemon Server] - 2025-01-03T16:16:35.166Z - Done responding to the client recordOutputsHash
[NX Daemon Server] - 2025-01-03T16:16:35.166Z - Handled RECORD_OUTPUTS_HASH. Handling time: 0. Response time: 0.
[NX Daemon Server] - 2025-01-03T16:16:35.167Z - [REQUEST]: Responding to the client. handleRecordTaskRuns
[NX Daemon Server] - 2025-01-03T16:16:35.168Z - Done responding to the client handleRecordTaskRuns
[NX Daemon Server] - 2025-01-03T16:16:35.168Z - Handled RECORD_TASK_RUNS. Handling time: 0. Response time: 1.
[NX Daemon Server] - 2025-01-03T16:16:35.168Z - [REQUEST]: Responding to the client. handleGetFlakyTasks
[NX Daemon Server] - 2025-01-03T16:16:35.168Z - Done responding to the client handleGetFlakyTasks
[NX Daemon Server] - 2025-01-03T16:16:35.168Z - Handled GET_FLAKY_TASKS. Handling time: 0. Response time: 0.
[NX Daemon Server] - 2025-01-03T16:16:35.326Z - Closed a connection. Number of open connections: 0
[NX Daemon Server] - 2025-01-03T16:16:44.867Z - Established a connection. Number of open connections: 1
[NX Daemon Server] - 2025-01-03T16:16:44.868Z - Closed a connection. Number of open connections: 0
[NX Daemon Server] - 2025-01-03T16:16:44.869Z - Established a connection. Number of open connections: 1
[NX Daemon Server] - 2025-01-03T16:16:44.869Z - [REQUEST]: Client Request for Project Graph Received
[NX Daemon Server] - 2025-01-03T16:16:44.869Z - [REQUEST]: Responding to the client. project-graph
[NX Daemon Server] - 2025-01-03T16:16:44.870Z - Time taken for 'total for creating and serializing project graph' 0.10866700000042329ms
[NX Daemon Server] - 2025-01-03T16:16:44.870Z - Done responding to the client project-graph
[NX Daemon Server] - 2025-01-03T16:16:44.870Z - Handled REQUEST_PROJECT_GRAPH. Handling time: 0. Response time: 1.
[NX Daemon Server] - 2025-01-03T16:16:44.872Z - [REQUEST]: Responding to the client. handleContextFileData
[NX Daemon Server] - 2025-01-03T16:16:44.872Z - Done responding to the client handleContextFileData
[NX Daemon Server] - 2025-01-03T16:16:44.872Z - Handled GET_CONTEXT_FILE_DATA. Handling time: 0. Response time: 0.
[NX Daemon Server] - 2025-01-03T16:16:44.878Z - [REQUEST]: Client Request for Project Graph Received
[NX Daemon Server] - 2025-01-03T16:16:44.878Z - [REQUEST]: Responding to the client. project-graph
[NX Daemon Server] - 2025-01-03T16:16:44.878Z - Time taken for 'total for creating and serializing project graph' 0.09804199999962293ms
[NX Daemon Server] - 2025-01-03T16:16:44.879Z - Done responding to the client project-graph
[NX Daemon Server] - 2025-01-03T16:16:44.879Z - Handled REQUEST_PROJECT_GRAPH. Handling time: 0. Response time: 1.
[NX Daemon Server] - 2025-01-03T16:16:44.901Z - [REQUEST]: Responding to the client. handleHashTasks
[NX Daemon Server] - 2025-01-03T16:16:44.902Z - Done responding to the client handleHashTasks
[NX Daemon Server] - 2025-01-03T16:16:44.902Z - Handled HASH_TASKS. Handling time: 2. Response time: 1.
[NX Daemon Server] - 2025-01-03T16:16:44.907Z - [REQUEST]: Responding to the client. handleGetEstimatedTaskTimings
[NX Daemon Server] - 2025-01-03T16:16:44.907Z - Done responding to the client handleGetEstimatedTaskTimings
[NX Daemon Server] - 2025-01-03T16:16:44.907Z - Handled GET_ESTIMATED_TASK_TIMINGS. Handling time: 1. Response time: 0.
[NX Daemon Server] - 2025-01-03T16:16:44.911Z - [REQUEST]: Responding to the client. outputsHashesMatch
[NX Daemon Server] - 2025-01-03T16:16:44.911Z - Done responding to the client outputsHashesMatch
[NX Daemon Server] - 2025-01-03T16:16:44.911Z - Handled OUTPUTS_HASHES_MATCH. Handling time: 3. Response time: 0.
[NX Daemon Server] - 2025-01-03T16:16:44.914Z - [REQUEST]: Responding to the client. recordOutputsHash
[NX Daemon Server] - 2025-01-03T16:16:44.914Z - Done responding to the client recordOutputsHash
[NX Daemon Server] - 2025-01-03T16:16:44.914Z - Handled RECORD_OUTPUTS_HASH. Handling time: 2. Response time: 0.
[NX Daemon Server] - 2025-01-03T16:16:44.921Z - [REQUEST]: Responding to the client. outputsHashesMatch
[NX Daemon Server] - 2025-01-03T16:16:44.921Z - Done responding to the client outputsHashesMatch
[NX Daemon Server] - 2025-01-03T16:16:44.921Z - Handled OUTPUTS_HASHES_MATCH. Handling time: 5. Response time: 0.
[NX Daemon Server] - 2025-01-03T16:16:44.921Z - [REQUEST]: Responding to the client. recordOutputsHash
[NX Daemon Server] - 2025-01-03T16:16:44.921Z - Done responding to the client recordOutputsHash
[NX Daemon Server] - 2025-01-03T16:16:44.921Z - Handled RECORD_OUTPUTS_HASH. Handling time: 0. Response time: 0.
[NX Daemon Server] - 2025-01-03T16:16:44.924Z - [REQUEST]: Responding to the client. recordOutputsHash
[NX Daemon Server] - 2025-01-03T16:16:44.924Z - Done responding to the client recordOutputsHash
[NX Daemon Server] - 2025-01-03T16:16:44.924Z - Handled RECORD_OUTPUTS_HASH. Handling time: 3. Response time: 0.
[NX Daemon Server] - 2025-01-03T16:16:44.925Z - [REQUEST]: Responding to the client. recordOutputsHash
[NX Daemon Server] - 2025-01-03T16:16:44.925Z - Done responding to the client recordOutputsHash
[NX Daemon Server] - 2025-01-03T16:16:44.925Z - Handled RECORD_OUTPUTS_HASH. Handling time: 0. Response time: 0.
[NX Daemon Server] - 2025-01-03T16:16:44.926Z - [REQUEST]: Responding to the client. handleRecordTaskRuns
[NX Daemon Server] - 2025-01-03T16:16:44.926Z - Done responding to the client handleRecordTaskRuns
[NX Daemon Server] - 2025-01-03T16:16:44.926Z - Handled RECORD_TASK_RUNS. Handling time: 0. Response time: 0.
[NX Daemon Server] - 2025-01-03T16:16:44.927Z - [REQUEST]: Responding to the client. handleGetFlakyTasks
[NX Daemon Server] - 2025-01-03T16:16:44.927Z - Done responding to the client handleGetFlakyTasks
[NX Daemon Server] - 2025-01-03T16:16:44.927Z - Handled GET_FLAKY_TASKS. Handling time: 1. Response time: 0.
[NX Daemon Server] - 2025-01-03T16:16:45.091Z - Closed a connection. Number of open connections: 0
[NX Daemon Server] - 2025-01-03T16:17:47.936Z - [WATCHER]: Processing file changes in outputs
[NX Daemon Server] - 2025-01-03T16:21:16.304Z - [WATCHER]: Processing file changes in outputs
[NX Daemon Server] - 2025-01-03T16:21:16.304Z - [WATCHER]: 0 file(s) created or restored, 2 file(s) modified, 0 file(s) deleted
[NX Daemon Server] - 2025-01-03T16:21:16.369Z - [WATCHER]: Processing file changes in outputs
[NX Daemon Server] - 2025-01-03T16:21:16.405Z - [REQUEST]: Updated workspace context based on watched changes, recomputing project graph...
[NX Daemon Server] - 2025-01-03T16:21:16.405Z - [REQUEST]: packages/prettier-config-astro/package.json,packages/prettier-config/package.json
[NX Daemon Server] - 2025-01-03T16:21:16.405Z - [REQUEST]: 
[NX Daemon Server] - 2025-01-03T16:21:16.406Z - Time taken for 'hash changed files from watcher' 0.11320900003192946ms
[NX Daemon Server] - 2025-01-03T16:21:16.410Z - Time taken for 'build-project-configs' 3.9520000000484288ms
[NX Daemon Server] - 2025-01-03T16:21:16.421Z - [SYNC]: collect registered sync generators
[NX Daemon Server] - 2025-01-03T16:21:16.421Z - [SYNC]: project graph hash is the same, not collecting task sync generators
[NX Daemon Server] - 2025-01-03T16:21:16.421Z - [SYNC]: nx.json hash is the same, not collecting global sync generators
[NX Daemon Server] - 2025-01-03T16:21:16.421Z - Time taken for 'total execution time for createProjectGraph()' 9.137499999953434ms
[NX Daemon Server] - 2025-01-03T16:23:52.455Z - [WATCHER]: packages/prettier-config/package.json was modified
[NX Daemon Server] - 2025-01-03T16:23:52.455Z - [WATCHER]: Processing file changes in outputs
[NX Daemon Server] - 2025-01-03T16:23:52.655Z - [REQUEST]: Updated workspace context based on watched changes, recomputing project graph...
[NX Daemon Server] - 2025-01-03T16:23:52.656Z - [REQUEST]: packages/prettier-config/package.json
[NX Daemon Server] - 2025-01-03T16:23:52.656Z - [REQUEST]: 
[NX Daemon Server] - 2025-01-03T16:23:52.658Z - Time taken for 'hash changed files from watcher' 0.19150000001536682ms
[NX Daemon Server] - 2025-01-03T16:23:52.665Z - Time taken for 'build-project-configs' 7.083332999958657ms
[NX Daemon Server] - 2025-01-03T16:23:52.676Z - [SYNC]: collect registered sync generators
[NX Daemon Server] - 2025-01-03T16:23:52.676Z - [SYNC]: project graph hash is the same, not collecting task sync generators
[NX Daemon Server] - 2025-01-03T16:23:52.676Z - [SYNC]: nx.json hash is the same, not collecting global sync generators
[NX Daemon Server] - 2025-01-03T16:23:52.676Z - Time taken for 'total execution time for createProjectGraph()' 8.757500000006985ms
[NX Daemon Server] - 2025-01-03T16:24:05.982Z - [WATCHER]: Processing file changes in outputs
[NX Daemon Server] - 2025-01-03T16:24:05.983Z - [WATCHER]: packages/prettier-config-astro/package.json was modified
[NX Daemon Server] - 2025-01-03T16:24:06.034Z - [WATCHER]: Processing file changes in outputs
[NX Daemon Server] - 2025-01-03T16:24:06.382Z - [REQUEST]: Updated workspace context based on watched changes, recomputing project graph...
[NX Daemon Server] - 2025-01-03T16:24:06.383Z - [REQUEST]: packages/prettier-config-astro/package.json
[NX Daemon Server] - 2025-01-03T16:24:06.383Z - [REQUEST]: 
[NX Daemon Server] - 2025-01-03T16:24:06.384Z - Time taken for 'hash changed files from watcher' 0.05420800001593307ms
[NX Daemon Server] - 2025-01-03T16:24:06.387Z - Time taken for 'build-project-configs' 3.155665999976918ms
[NX Daemon Server] - 2025-01-03T16:24:06.392Z - [SYNC]: collect registered sync generators
[NX Daemon Server] - 2025-01-03T16:24:06.392Z - [SYNC]: project graph hash is the same, not collecting task sync generators
[NX Daemon Server] - 2025-01-03T16:24:06.392Z - [SYNC]: nx.json hash is the same, not collecting global sync generators
[NX Daemon Server] - 2025-01-03T16:24:06.393Z - Time taken for 'total execution time for createProjectGraph()' 4.93179100000998ms
[NX Daemon Server] - 2025-01-03T16:29:15.358Z - [WATCHER]: Processing file changes in outputs
[NX Daemon Server] - 2025-01-03T16:32:32.398Z - [WATCHER]: .github/actions/install-dependencies/action.yml was modified
[NX Daemon Server] - 2025-01-03T16:32:32.398Z - [WATCHER]: Processing file changes in outputs
[NX Daemon Server] - 2025-01-03T16:32:33.198Z - [REQUEST]: Updated workspace context based on watched changes, recomputing project graph...
[NX Daemon Server] - 2025-01-03T16:32:33.198Z - [REQUEST]: .github/actions/install-dependencies/action.yml
[NX Daemon Server] - 2025-01-03T16:32:33.198Z - [REQUEST]: 
[NX Daemon Server] - 2025-01-03T16:32:33.199Z - Time taken for 'hash changed files from watcher' 0.07770899997558445ms
[NX Daemon Server] - 2025-01-03T16:32:33.203Z - Time taken for 'build-project-configs' 3.791124999988824ms
[NX Daemon Server] - 2025-01-03T16:32:33.209Z - [SYNC]: collect registered sync generators
[NX Daemon Server] - 2025-01-03T16:32:33.209Z - [SYNC]: project graph hash is the same, not collecting task sync generators
[NX Daemon Server] - 2025-01-03T16:32:33.209Z - [SYNC]: nx.json hash is the same, not collecting global sync generators
[NX Daemon Server] - 2025-01-03T16:32:33.209Z - Time taken for 'total execution time for createProjectGraph()' 4.462208000011742ms
[NX Daemon Server] - 2025-01-03T16:32:43.118Z - [WATCHER]: .github/actions/install-dependencies/action.yml was modified
[NX Daemon Server] - 2025-01-03T16:32:43.118Z - [WATCHER]: Processing file changes in outputs
[NX Daemon Server] - 2025-01-03T16:32:44.718Z - [REQUEST]: Updated workspace context based on watched changes, recomputing project graph...
[NX Daemon Server] - 2025-01-03T16:32:44.718Z - [REQUEST]: .github/actions/install-dependencies/action.yml
[NX Daemon Server] - 2025-01-03T16:32:44.718Z - [REQUEST]: 
[NX Daemon Server] - 2025-01-03T16:32:44.719Z - Time taken for 'hash changed files from watcher' 0.06312499998603016ms
[NX Daemon Server] - 2025-01-03T16:32:44.723Z - Time taken for 'build-project-configs' 3.2771249999059364ms
[NX Daemon Server] - 2025-01-03T16:32:44.728Z - [SYNC]: collect registered sync generators
[NX Daemon Server] - 2025-01-03T16:32:44.728Z - [SYNC]: project graph hash is the same, not collecting task sync generators
[NX Daemon Server] - 2025-01-03T16:32:44.729Z - [SYNC]: nx.json hash is the same, not collecting global sync generators
[NX Daemon Server] - 2025-01-03T16:32:44.729Z - Time taken for 'total execution time for createProjectGraph()' 4.71004199993331ms
[NX Daemon Server] - 2025-01-03T16:32:54.854Z - [WATCHER]: 0 file(s) created or restored, 3 file(s) modified, 0 file(s) deleted
[NX Daemon Server] - 2025-01-03T16:32:54.854Z - [WATCHER]: Processing file changes in outputs
[NX Daemon Server] - 2025-01-03T16:32:58.055Z - [REQUEST]: Updated workspace context based on watched changes, recomputing project graph...
[NX Daemon Server] - 2025-01-03T16:32:58.055Z - [REQUEST]: packages/prettier-config/package.json,packages/prettier-config-astro/package.json,nx.json
[NX Daemon Server] - 2025-01-03T16:32:58.055Z - [REQUEST]: 
[NX Daemon Server] - 2025-01-03T16:32:58.057Z - Time taken for 'hash changed files from watcher' 0.2321660000598058ms
[NX Daemon Server] - 2025-01-03T16:32:58.061Z - Time taken for 'build-project-configs' 5.048333999933675ms
[NX Daemon Server] - 2025-01-03T16:32:58.070Z - [SYNC]: collect registered sync generators
[NX Daemon Server] - 2025-01-03T16:32:58.070Z - [SYNC]: project graph hash is the same, not collecting task sync generators
[NX Daemon Server] - 2025-01-03T16:32:58.070Z - [SYNC]: nx.json hash is the same, not collecting global sync generators
[NX Daemon Server] - 2025-01-03T16:32:58.070Z - Time taken for 'total execution time for createProjectGraph()' 6.681291999993846ms
[NX Daemon Server] - 2025-01-03T16:33:22.436Z - [WATCHER]: .github/actions/install-dependencies/action.yml was modified
[NX Daemon Server] - 2025-01-03T16:33:22.436Z - [WATCHER]: Processing file changes in outputs
[NX Daemon Server] - 2025-01-03T16:33:28.837Z - [REQUEST]: Updated workspace context based on watched changes, recomputing project graph...
[NX Daemon Server] - 2025-01-03T16:33:28.837Z - [REQUEST]: .github/actions/install-dependencies/action.yml
[NX Daemon Server] - 2025-01-03T16:33:28.837Z - [REQUEST]: 
[NX Daemon Server] - 2025-01-03T16:33:28.840Z - Time taken for 'hash changed files from watcher' 0.16504100000020117ms
[NX Daemon Server] - 2025-01-03T16:33:28.850Z - Time taken for 'build-project-configs' 9.460499999928288ms
[NX Daemon Server] - 2025-01-03T16:33:28.861Z - [SYNC]: collect registered sync generators
[NX Daemon Server] - 2025-01-03T16:33:28.861Z - [SYNC]: project graph hash is the same, not collecting task sync generators
[NX Daemon Server] - 2025-01-03T16:33:28.861Z - [SYNC]: nx.json hash is the same, not collecting global sync generators
[NX Daemon Server] - 2025-01-03T16:33:28.861Z - Time taken for 'total execution time for createProjectGraph()' 9.790832999977283ms
[NX Daemon Server] - 2025-01-03T16:33:46.280Z - [WATCHER]: .github/actions/install-dependencies/action.yml was modified
[NX Daemon Server] - 2025-01-03T16:33:46.281Z - [WATCHER]: Processing file changes in outputs
[NX Daemon Server] - 2025-01-03T16:33:52.586Z - [WATCHER]: .github/actions/install-dependencies/action.yml was modified
[NX Daemon Server] - 2025-01-03T16:33:52.586Z - [WATCHER]: Processing file changes in outputs
[NX Daemon Server] - 2025-01-03T16:33:52.680Z - [REQUEST]: Updated workspace context based on watched changes, recomputing project graph...
[NX Daemon Server] - 2025-01-03T16:33:52.681Z - [REQUEST]: .github/actions/install-dependencies/action.yml
[NX Daemon Server] - 2025-01-03T16:33:52.681Z - [REQUEST]: 
[NX Daemon Server] - 2025-01-03T16:33:52.682Z - Time taken for 'hash changed files from watcher' 0.08529199997428805ms
[NX Daemon Server] - 2025-01-03T16:33:52.687Z - Time taken for 'build-project-configs' 4.538041000021622ms
[NX Daemon Server] - 2025-01-03T16:33:52.693Z - [SYNC]: collect registered sync generators
[NX Daemon Server] - 2025-01-03T16:33:52.693Z - [SYNC]: project graph hash is the same, not collecting task sync generators
[NX Daemon Server] - 2025-01-03T16:33:52.693Z - [SYNC]: nx.json hash is the same, not collecting global sync generators
[NX Daemon Server] - 2025-01-03T16:33:52.693Z - Time taken for 'total execution time for createProjectGraph()' 5.237792000058107ms
[NX Daemon Server] - 2025-01-03T16:34:03.669Z - [WATCHER]: Processing file changes in outputs
[NX Daemon Server] - 2025-01-03T16:34:37.939Z - [WATCHER]: Processing file changes in outputs
[NX Daemon Server] - 2025-01-03T16:34:40.479Z - [WATCHER]: Processing file changes in outputs
[NX Daemon Server] - 2025-01-03T16:34:44.381Z - [WATCHER]: Processing file changes in outputs
[NX Daemon Server] - 2025-01-03T16:34:58.138Z - [WATCHER]: Processing file changes in outputs
[NX Daemon Server] - 2025-01-03T16:34:58.147Z - [WATCHER]: .idea/codeStyles/Project.xml was modified
[NX Daemon Server] - 2025-01-03T16:35:00.980Z - [WATCHER]: .github/actions/install-dependencies/action.yml was modified
[NX Daemon Server] - 2025-01-03T16:35:00.981Z - [WATCHER]: Processing file changes in outputs
[NX Daemon Server] - 2025-01-03T16:35:04.548Z - [REQUEST]: Updated workspace context based on watched changes, recomputing project graph...
[NX Daemon Server] - 2025-01-03T16:35:04.549Z - [REQUEST]: .idea/codeStyles/Project.xml,.github/actions/install-dependencies/action.yml
[NX Daemon Server] - 2025-01-03T16:35:04.549Z - [REQUEST]: 
[NX Daemon Server] - 2025-01-03T16:35:04.552Z - Time taken for 'hash changed files from watcher' 0.3938749998342246ms
[NX Daemon Server] - 2025-01-03T16:35:04.561Z - Time taken for 'build-project-configs' 9.077040999894962ms
[NX Daemon Server] - 2025-01-03T16:35:04.572Z - [SYNC]: collect registered sync generators
[NX Daemon Server] - 2025-01-03T16:35:04.573Z - [SYNC]: project graph hash is the same, not collecting task sync generators
[NX Daemon Server] - 2025-01-03T16:35:04.573Z - [SYNC]: nx.json hash is the same, not collecting global sync generators
[NX Daemon Server] - 2025-01-03T16:35:04.573Z - Time taken for 'total execution time for createProjectGraph()' 9.22170800017193ms
[NX Daemon Server] - 2025-01-03T16:35:05.488Z - [WATCHER]: .github/workflows/ci.yml was modified
[NX Daemon Server] - 2025-01-03T16:35:05.488Z - [WATCHER]: Processing file changes in outputs
[NX Daemon Server] - 2025-01-03T16:35:08.424Z - [WATCHER]: Processing file changes in outputs
[NX Daemon Server] - 2025-01-03T16:35:11.888Z - [REQUEST]: Updated workspace context based on watched changes, recomputing project graph...
[NX Daemon Server] - 2025-01-03T16:35:11.888Z - [REQUEST]: .github/workflows/ci.yml
[NX Daemon Server] - 2025-01-03T16:35:11.888Z - [REQUEST]: 
[NX Daemon Server] - 2025-01-03T16:35:11.890Z - Time taken for 'hash changed files from watcher' 0.07400000002235174ms
[NX Daemon Server] - 2025-01-03T16:35:11.893Z - Time taken for 'build-project-configs' 3.581832999829203ms
[NX Daemon Server] - 2025-01-03T16:35:11.900Z - [SYNC]: collect registered sync generators
[NX Daemon Server] - 2025-01-03T16:35:11.900Z - [SYNC]: project graph hash is the same, not collecting task sync generators
[NX Daemon Server] - 2025-01-03T16:35:11.900Z - [SYNC]: nx.json hash is the same, not collecting global sync generators
[NX Daemon Server] - 2025-01-03T16:35:11.900Z - Time taken for 'total execution time for createProjectGraph()' 5.153250000206754ms
[NX Daemon Server] - 2025-01-03T16:35:44.000Z - [WATCHER]: .github/workflows/version.yml was modified
[NX Daemon Server] - 2025-01-03T16:35:44.001Z - [WATCHER]: Processing file changes in outputs
[NX Daemon Server] - 2025-01-03T16:35:50.401Z - [REQUEST]: Updated workspace context based on watched changes, recomputing project graph...
[NX Daemon Server] - 2025-01-03T16:35:50.401Z - [REQUEST]: .github/workflows/version.yml
[NX Daemon Server] - 2025-01-03T16:35:50.401Z - [REQUEST]: 
[NX Daemon Server] - 2025-01-03T16:35:50.404Z - Time taken for 'hash changed files from watcher' 0.12420800002291799ms
[NX Daemon Server] - 2025-01-03T16:35:50.409Z - Time taken for 'build-project-configs' 6.208875000011176ms
[NX Daemon Server] - 2025-01-03T16:35:50.418Z - [SYNC]: collect registered sync generators
[NX Daemon Server] - 2025-01-03T16:35:50.418Z - [SYNC]: project graph hash is the same, not collecting task sync generators
[NX Daemon Server] - 2025-01-03T16:35:50.418Z - [SYNC]: nx.json hash is the same, not collecting global sync generators
[NX Daemon Server] - 2025-01-03T16:35:50.418Z - Time taken for 'total execution time for createProjectGraph()' 7.278541000094265ms
[NX Daemon Server] - 2025-01-03T16:35:53.046Z - [WATCHER]: .github/workflows/publish.yml was modified
[NX Daemon Server] - 2025-01-03T16:35:53.046Z - [WATCHER]: Processing file changes in outputs
[NX Daemon Server] - 2025-01-03T16:35:59.446Z - [REQUEST]: Updated workspace context based on watched changes, recomputing project graph...
[NX Daemon Server] - 2025-01-03T16:35:59.446Z - [REQUEST]: .github/workflows/publish.yml
[NX Daemon Server] - 2025-01-03T16:35:59.447Z - [REQUEST]: 
[NX Daemon Server] - 2025-01-03T16:35:59.450Z - Time taken for 'hash changed files from watcher' 0.23337499983608723ms
[NX Daemon Server] - 2025-01-03T16:35:59.460Z - Time taken for 'build-project-configs' 9.44745899992995ms
[NX Daemon Server] - 2025-01-03T16:35:59.471Z - [SYNC]: collect registered sync generators
[NX Daemon Server] - 2025-01-03T16:35:59.471Z - [SYNC]: project graph hash is the same, not collecting task sync generators
[NX Daemon Server] - 2025-01-03T16:35:59.471Z - [SYNC]: nx.json hash is the same, not collecting global sync generators
[NX Daemon Server] - 2025-01-03T16:35:59.471Z - Time taken for 'total execution time for createProjectGraph()' 10.541792000178248ms
